25:12:2023  20:58:34 [main] INFO  CreateLog:13 - Test-Report-25.12.2023.20.58.34.html Report generating started
25:12:2023  20:58:38 [main] INFO  CreateLog:13 - ChromeBrowser is launched
25:12:2023  20:58:40 [main] INFO  CreateLog:13 - Sauce labs url launched
25:12:2023  20:58:41 [main] INFO  CreateLog:13 - window is maximezed
25:12:2023  20:59:32 [main] INFO  CreateLog:13 - scheduleTest Test case started
25:12:2023  21:00:51 [main] INFO  CreateLog:18 - scheduleTest Test case executed successfully
25:12:2023  21:00:51 [main] INFO  CreateLog:13 - Browser closed
25:12:2023  21:00:52 [main] INFO  CreateLog:13 - ChromeBrowser is launched
25:12:2023  21:00:54 [main] INFO  CreateLog:13 - Sauce labs url launched
25:12:2023  21:00:55 [main] INFO  CreateLog:13 - window is maximezed
25:12:2023  21:01:46 [main] INFO  CreateLog:13 - MastersData Test case started
25:12:2023  21:02:36 [main] INFO  CreateLog:18 - MastersData Test case executed successfully
25:12:2023  21:02:36 [main] INFO  CreateLog:13 - Browser closed
25:12:2023  21:02:37 [main] INFO  CreateLog:13 - ChromeBrowser is launched
25:12:2023  21:02:40 [main] INFO  CreateLog:13 - Sauce labs url launched
25:12:2023  21:02:40 [main] INFO  CreateLog:13 - window is maximezed
25:12:2023  21:03:28 [main] INFO  CreateLog:13 - visualTest Test case started
25:12:2023  21:04:24 [main] INFO  CreateLog:18 - visualTest Test case executed successfully
25:12:2023  21:04:24 [main] INFO  CreateLog:13 - Browser closed
25:12:2023  21:04:26 [main] INFO  CreateLog:13 - ChromeBrowser is launched
25:12:2023  21:04:29 [main] INFO  CreateLog:13 - Sauce labs url launched
25:12:2023  21:04:29 [main] INFO  CreateLog:13 - window is maximezed
25:12:2023  21:05:20 [main] INFO  CreateLog:13 - DQGatewayUsers Test case started
25:12:2023  21:05:41 [main] INFO  CreateLog:18 - DQGatewayUsers Test case executed successfully
25:12:2023  21:05:41 [main] INFO  CreateLog:13 - Browser closed
25:12:2023  21:05:41 [main] INFO  CreateLog:13 - Report generated successfully
25:12:2023  21:33:44 [main] INFO  CreateLog:13 - ChromeBrowser is launched
25:12:2023  21:33:46 [main] INFO  CreateLog:13 - DQG is launched
25:12:2023  21:33:46 [main] INFO  CreateLog:13 - window is maximezed
25:12:2023  21:37:27 [main] INFO  CreateLog:13 - ChromeBrowser is launched
25:12:2023  21:37:28 [main] INFO  CreateLog:13 - DQG is launched
25:12:2023  21:37:29 [main] INFO  CreateLog:13 - window is maximezed
25:12:2023  21:48:01 [main] INFO  CreateLog:13 - ChromeBrowser is launched
25:12:2023  21:48:02 [main] INFO  CreateLog:13 - DQG is launched
25:12:2023  21:48:02 [main] INFO  CreateLog:13 - window is maximezed
25:12:2023  21:49:36 [main] INFO  CreateLog:13 - ChromeBrowser is launched
25:12:2023  21:49:37 [main] INFO  CreateLog:13 - DQG is launched
25:12:2023  21:49:37 [main] INFO  CreateLog:13 - window is maximezed
25:12:2023  21:50:32 [main] INFO  CreateLog:13 - ChromeBrowser is launched
25:12:2023  21:50:34 [main] INFO  CreateLog:13 - DQG is launched
25:12:2023  21:50:34 [main] INFO  CreateLog:13 - window is maximezed
25:12:2023  21:55:10 [main] INFO  CreateLog:13 - ChromeBrowser is launched
25:12:2023  21:55:12 [main] INFO  CreateLog:13 - DQG is launched
25:12:2023  21:55:12 [main] INFO  CreateLog:13 - window is maximezed
25:12:2023  21:58:09 [main] INFO  CreateLog:13 - ChromeBrowser is launched
25:12:2023  21:58:11 [main] INFO  CreateLog:13 - DQG is launched
25:12:2023  21:58:11 [main] INFO  CreateLog:13 - window is maximezed
25:12:2023  22:17:39 [main] INFO  CreateLog:13 - ChromeBrowser is launched
25:12:2023  22:17:40 [main] INFO  CreateLog:13 - DQG is launched
25:12:2023  22:17:40 [main] INFO  CreateLog:13 - window is maximezed
25:12:2023  22:39:55 [main] INFO  CreateLog:13 - ChromeBrowser is launched
25:12:2023  22:39:56 [main] INFO  CreateLog:13 - DQG is launched
25:12:2023  22:39:56 [main] INFO  CreateLog:13 - window is maximezed
25:12:2023  22:45:27 [main] INFO  CreateLog:13 - ChromeBrowser is launched
25:12:2023  22:45:29 [main] INFO  CreateLog:13 - DQG is launched
25:12:2023  22:45:29 [main] INFO  CreateLog:13 - window is maximezed
25:12:2023  22:48:12 [main] INFO  CreateLog:13 - ChromeBrowser is launched
25:12:2023  22:48:14 [main] INFO  CreateLog:13 - DQG is launched
25:12:2023  22:48:14 [main] INFO  CreateLog:13 - window is maximezed
25:12:2023  22:56:35 [main] INFO  CreateLog:13 - ChromeBrowser is launched
25:12:2023  22:56:36 [main] INFO  CreateLog:13 - DQG is launched
25:12:2023  22:56:36 [main] INFO  CreateLog:13 - window is maximezed
25:12:2023  23:01:59 [main] INFO  CreateLog:13 - ChromeBrowser is launched
25:12:2023  23:02:01 [main] INFO  CreateLog:13 - DQG is launched
25:12:2023  23:02:01 [main] INFO  CreateLog:13 - window is maximezed
26:12:2023  11:25:39 [main] INFO  CreateLog:13 - ChromeBrowser is launched
26:12:2023  11:25:42 [main] INFO  CreateLog:13 - DQG is launched
26:12:2023  11:25:42 [main] INFO  CreateLog:13 - window is maximezed
26:12:2023  11:29:13 [main] INFO  CreateLog:13 - ChromeBrowser is launched
26:12:2023  11:29:16 [main] INFO  CreateLog:13 - DQG is launched
26:12:2023  11:29:16 [main] INFO  CreateLog:13 - window is maximezed
26:12:2023  11:31:30 [main] INFO  CreateLog:13 - ChromeBrowser is launched
26:12:2023  11:31:31 [main] INFO  CreateLog:13 - DQG is launched
26:12:2023  11:31:32 [main] INFO  CreateLog:13 - window is maximezed
26:12:2023  11:35:12 [main] INFO  CreateLog:13 - ChromeBrowser is launched
26:12:2023  11:35:14 [main] INFO  CreateLog:13 - DQG is launched
26:12:2023  11:35:15 [main] INFO  CreateLog:13 - window is maximezed
26:12:2023  11:45:01 [main] INFO  CreateLog:13 - ChromeBrowser is launched
26:12:2023  11:45:03 [main] INFO  CreateLog:13 - DQG is launched
26:12:2023  11:45:03 [main] INFO  CreateLog:13 - window is maximezed
26:12:2023  11:54:06 [main] INFO  CreateLog:13 - ChromeBrowser is launched
26:12:2023  11:54:08 [main] INFO  CreateLog:13 - DQG is launched
26:12:2023  11:54:08 [main] INFO  CreateLog:13 - window is maximezed
26:12:2023  11:59:57 [main] INFO  CreateLog:13 - ChromeBrowser is launched
26:12:2023  11:59:58 [main] INFO  CreateLog:13 - DQG is launched
26:12:2023  11:59:59 [main] INFO  CreateLog:13 - window is maximezed
26:12:2023  12:20:04 [main] INFO  CreateLog:13 - ChromeBrowser is launched
26:12:2023  12:20:06 [main] INFO  CreateLog:13 - DQG is launched
26:12:2023  12:20:06 [main] INFO  CreateLog:13 - window is maximezed
26:12:2023  12:25:07 [main] INFO  CreateLog:13 - ChromeBrowser is launched
26:12:2023  12:25:09 [main] INFO  CreateLog:13 - DQG is launched
26:12:2023  12:25:10 [main] INFO  CreateLog:13 - window is maximezed
26:12:2023  12:35:04 [main] INFO  CreateLog:13 - ChromeBrowser is launched
26:12:2023  12:35:06 [main] INFO  CreateLog:13 - DQG is launched
26:12:2023  12:35:06 [main] INFO  CreateLog:13 - window is maximezed
26:12:2023  12:40:38 [main] INFO  CreateLog:13 - ChromeBrowser is launched
26:12:2023  12:40:40 [main] INFO  CreateLog:13 - DQG is launched
26:12:2023  12:40:40 [main] INFO  CreateLog:13 - window is maximezed
26:12:2023  12:47:13 [main] INFO  CreateLog:13 - ChromeBrowser is launched
26:12:2023  12:47:15 [main] INFO  CreateLog:13 - DQG is launched
26:12:2023  12:47:15 [main] INFO  CreateLog:13 - window is maximezed
26:12:2023  14:16:26 [main] INFO  CreateLog:13 - ChromeBrowser is launched
26:12:2023  14:16:29 [main] INFO  CreateLog:13 - DQG is launched
26:12:2023  14:16:29 [main] INFO  CreateLog:13 - window is maximezed
26:12:2023  14:18:44 [main] INFO  CreateLog:13 - ChromeBrowser is launched
26:12:2023  14:18:50 [main] INFO  CreateLog:13 - DQG is launched
26:12:2023  14:18:50 [main] INFO  CreateLog:13 - window is maximezed
26:12:2023  14:19:48 [main] INFO  CreateLog:13 - ChromeBrowser is launched
26:12:2023  14:19:49 [main] INFO  CreateLog:13 - DQG is launched
26:12:2023  14:19:50 [main] INFO  CreateLog:13 - window is maximezed
26:12:2023  14:22:35 [main] INFO  CreateLog:13 - ChromeBrowser is launched
26:12:2023  14:22:36 [main] INFO  CreateLog:13 - DQG is launched
26:12:2023  14:22:36 [main] INFO  CreateLog:13 - window is maximezed
26:12:2023  14:28:59 [main] INFO  CreateLog:13 - ChromeBrowser is launched
26:12:2023  14:29:00 [main] INFO  CreateLog:13 - DQG is launched
26:12:2023  14:29:00 [main] INFO  CreateLog:13 - window is maximezed
26:12:2023  14:36:44 [main] INFO  CreateLog:13 - ChromeBrowser is launched
26:12:2023  14:36:45 [main] INFO  CreateLog:13 - DQG is launched
26:12:2023  14:36:45 [main] INFO  CreateLog:13 - window is maximezed
26:12:2023  14:58:44 [main] INFO  CreateLog:13 - ChromeBrowser is launched
26:12:2023  14:58:46 [main] INFO  CreateLog:13 - DQG is launched
26:12:2023  14:58:46 [main] INFO  CreateLog:13 - window is maximezed
26:12:2023  15:19:30 [main] INFO  CreateLog:13 - ChromeBrowser is launched
26:12:2023  15:19:31 [main] INFO  CreateLog:13 - DQG is launched
26:12:2023  15:19:32 [main] INFO  CreateLog:13 - window is maximezed
26:12:2023  15:21:23 [main] INFO  CreateLog:13 - ChromeBrowser is launched
26:12:2023  15:21:25 [main] INFO  CreateLog:13 - DQG is launched
26:12:2023  15:21:25 [main] INFO  CreateLog:13 - window is maximezed
26:12:2023  15:24:48 [main] INFO  CreateLog:13 - ChromeBrowser is launched
26:12:2023  15:24:50 [main] INFO  CreateLog:13 - DQG is launched
26:12:2023  15:24:50 [main] INFO  CreateLog:13 - window is maximezed
26:12:2023  15:29:05 [main] INFO  CreateLog:13 - ChromeBrowser is launched
26:12:2023  15:29:06 [main] INFO  CreateLog:13 - DQG is launched
26:12:2023  15:29:06 [main] INFO  CreateLog:13 - window is maximezed
26:12:2023  15:39:00 [main] INFO  CreateLog:13 - ChromeBrowser is launched
26:12:2023  15:39:02 [main] INFO  CreateLog:13 - DQG is launched
26:12:2023  15:39:02 [main] INFO  CreateLog:13 - window is maximezed
26:12:2023  15:43:41 [main] INFO  CreateLog:13 - ChromeBrowser is launched
26:12:2023  15:43:43 [main] INFO  CreateLog:13 - DQG is launched
26:12:2023  15:43:43 [main] INFO  CreateLog:13 - window is maximezed
26:12:2023  16:05:40 [main] INFO  CreateLog:13 - ChromeBrowser is launched
26:12:2023  16:05:41 [main] INFO  CreateLog:13 - DQG is launched
26:12:2023  16:05:42 [main] INFO  CreateLog:13 - window is maximezed
26:12:2023  18:57:09 [main] INFO  CreateLog:13 - ChromeBrowser is launched
26:12:2023  18:57:11 [main] INFO  CreateLog:13 - DQG is launched
26:12:2023  18:57:11 [main] INFO  CreateLog:13 - window is maximezed
26:12:2023  18:58:27 [main] INFO  CreateLog:13 - ChromeBrowser is launched
26:12:2023  18:58:29 [main] INFO  CreateLog:13 - DQG is launched
26:12:2023  18:58:29 [main] INFO  CreateLog:13 - window is maximezed
26:12:2023  19:14:15 [main] INFO  CreateLog:13 - ChromeBrowser is launched
26:12:2023  19:14:17 [main] INFO  CreateLog:13 - DQG is launched
26:12:2023  19:14:17 [main] INFO  CreateLog:13 - window is maximezed
26:12:2023  19:16:12 [main] INFO  CreateLog:13 - ChromeBrowser is launched
26:12:2023  19:16:13 [main] INFO  CreateLog:13 - DQG is launched
26:12:2023  19:16:13 [main] INFO  CreateLog:13 - window is maximezed
26:12:2023  19:18:08 [main] INFO  CreateLog:13 - ChromeBrowser is launched
26:12:2023  19:18:10 [main] INFO  CreateLog:13 - DQG is launched
26:12:2023  19:18:10 [main] INFO  CreateLog:13 - window is maximezed
26:12:2023  19:21:30 [main] INFO  CreateLog:13 - ChromeBrowser is launched
26:12:2023  19:21:32 [main] INFO  CreateLog:13 - DQG is launched
26:12:2023  19:21:32 [main] INFO  CreateLog:13 - window is maximezed
26:12:2023  19:22:00 [main] INFO  CreateLog:13 - ChromeBrowser is launched
26:12:2023  19:22:02 [main] INFO  CreateLog:13 - DQG is launched
26:12:2023  19:22:02 [main] INFO  CreateLog:13 - window is maximezed
26:12:2023  22:14:14 [main] INFO  CreateLog:13 - ChromeBrowser is launched
26:12:2023  22:14:16 [main] INFO  CreateLog:13 - DQG is launched
26:12:2023  22:14:16 [main] INFO  CreateLog:13 - window is maximezed
26:12:2023  22:17:56 [main] INFO  CreateLog:13 - ChromeBrowser is launched
26:12:2023  22:17:59 [main] INFO  CreateLog:13 - DQG is launched
26:12:2023  22:17:59 [main] INFO  CreateLog:13 - window is maximezed
26:12:2023  22:24:54 [main] INFO  CreateLog:13 - ChromeBrowser is launched
26:12:2023  22:24:56 [main] INFO  CreateLog:13 - DQG is launched
26:12:2023  22:24:56 [main] INFO  CreateLog:13 - window is maximezed
26:12:2023  22:28:14 [main] INFO  CreateLog:13 - ChromeBrowser is launched
26:12:2023  22:28:16 [main] INFO  CreateLog:13 - DQG is launched
26:12:2023  22:28:16 [main] INFO  CreateLog:13 - window is maximezed
26:12:2023  22:30:25 [main] INFO  CreateLog:13 - ChromeBrowser is launched
26:12:2023  22:30:27 [main] INFO  CreateLog:13 - DQG is launched
26:12:2023  22:30:27 [main] INFO  CreateLog:13 - window is maximezed
26:12:2023  22:31:44 [main] INFO  CreateLog:13 - ChromeBrowser is launched
26:12:2023  22:31:47 [main] INFO  CreateLog:13 - DQG is launched
26:12:2023  22:31:47 [main] INFO  CreateLog:13 - window is maximezed
26:12:2023  22:37:26 [main] INFO  CreateLog:13 - ChromeBrowser is launched
26:12:2023  22:37:28 [main] INFO  CreateLog:13 - DQG is launched
26:12:2023  22:37:29 [main] INFO  CreateLog:13 - window is maximezed
27:12:2023  15:15:28 [main] INFO  CreateLog:13 - ChromeBrowser is launched
27:12:2023  15:15:30 [main] INFO  CreateLog:13 - DQG is launched
27:12:2023  15:15:30 [main] INFO  CreateLog:13 - window is maximezed
27:12:2023  15:22:51 [main] INFO  CreateLog:13 - ChromeBrowser is launched
27:12:2023  15:22:52 [main] INFO  CreateLog:13 - DQG is launched
27:12:2023  15:22:52 [main] INFO  CreateLog:13 - window is maximezed
27:12:2023  15:30:27 [main] INFO  CreateLog:13 - ChromeBrowser is launched
27:12:2023  15:30:29 [main] INFO  CreateLog:13 - DQG is launched
27:12:2023  15:30:29 [main] INFO  CreateLog:13 - window is maximezed
27:12:2023  15:34:15 [main] INFO  CreateLog:13 - ChromeBrowser is launched
27:12:2023  15:34:16 [main] INFO  CreateLog:13 - DQG is launched
27:12:2023  15:34:17 [main] INFO  CreateLog:13 - window is maximezed
27:12:2023  15:43:27 [main] INFO  CreateLog:13 - ChromeBrowser is launched
27:12:2023  15:43:29 [main] INFO  CreateLog:13 - DQG is launched
27:12:2023  15:43:29 [main] INFO  CreateLog:13 - window is maximezed
27:12:2023  16:01:07 [main] INFO  CreateLog:13 - ChromeBrowser is launched
27:12:2023  16:01:09 [main] INFO  CreateLog:13 - DQG is launched
27:12:2023  16:01:09 [main] INFO  CreateLog:13 - window is maximezed
27:12:2023  16:08:44 [main] INFO  CreateLog:13 - ChromeBrowser is launched
27:12:2023  16:08:45 [main] INFO  CreateLog:13 - DQG is launched
27:12:2023  16:08:45 [main] INFO  CreateLog:13 - window is maximezed
27:12:2023  16:14:48 [main] INFO  CreateLog:13 - ChromeBrowser is launched
27:12:2023  16:14:49 [main] INFO  CreateLog:13 - DQG is launched
27:12:2023  16:14:50 [main] INFO  CreateLog:13 - window is maximezed
27:12:2023  17:01:27 [main] INFO  CreateLog:13 - ChromeBrowser is launched
27:12:2023  17:01:28 [main] INFO  CreateLog:13 - DQG is launched
27:12:2023  17:01:28 [main] INFO  CreateLog:13 - window is maximezed
27:12:2023  17:04:46 [main] INFO  CreateLog:13 - ChromeBrowser is launched
27:12:2023  17:04:48 [main] INFO  CreateLog:13 - DQG is launched
27:12:2023  17:04:48 [main] INFO  CreateLog:13 - window is maximezed
27:12:2023  17:08:58 [main] INFO  CreateLog:13 - ChromeBrowser is launched
27:12:2023  17:08:59 [main] INFO  CreateLog:13 - DQG is launched
27:12:2023  17:09:00 [main] INFO  CreateLog:13 - window is maximezed
27:12:2023  17:21:55 [main] INFO  CreateLog:13 - ChromeBrowser is launched
27:12:2023  17:21:57 [main] INFO  CreateLog:13 - DQG is launched
27:12:2023  17:21:57 [main] INFO  CreateLog:13 - window is maximezed
27:12:2023  17:54:38 [main] INFO  CreateLog:13 - ChromeBrowser is launched
27:12:2023  17:54:40 [main] INFO  CreateLog:13 - DQG is launched
27:12:2023  17:54:40 [main] INFO  CreateLog:13 - window is maximezed
27:12:2023  18:00:01 [main] INFO  CreateLog:13 - ChromeBrowser is launched
27:12:2023  18:00:02 [main] INFO  CreateLog:13 - DQG is launched
27:12:2023  18:00:02 [main] INFO  CreateLog:13 - window is maximezed
27:12:2023  19:13:21 [main] INFO  CreateLog:13 - ChromeBrowser is launched
27:12:2023  19:13:22 [main] INFO  CreateLog:13 - DQG is launched
27:12:2023  19:13:22 [main] INFO  CreateLog:13 - window is maximezed
27:12:2023  19:25:07 [main] INFO  CreateLog:13 - ChromeBrowser is launched
27:12:2023  19:25:08 [main] INFO  CreateLog:13 - DQG is launched
27:12:2023  19:25:08 [main] INFO  CreateLog:13 - window is maximezed
27:12:2023  19:33:12 [main] INFO  CreateLog:13 - ChromeBrowser is launched
27:12:2023  19:33:14 [main] INFO  CreateLog:13 - DQG is launched
27:12:2023  19:33:14 [main] INFO  CreateLog:13 - window is maximezed
28:12:2023  15:40:26 [main] INFO  CreateLog:13 - ChromeBrowser is launched
28:12:2023  15:40:28 [main] INFO  CreateLog:13 - DQG is launched
28:12:2023  15:40:28 [main] INFO  CreateLog:13 - window is maximezed
28:12:2023  15:45:52 [main] INFO  CreateLog:13 - ChromeBrowser is launched
28:12:2023  15:45:54 [main] INFO  CreateLog:13 - DQG is launched
28:12:2023  15:45:54 [main] INFO  CreateLog:13 - window is maximezed
28:12:2023  15:51:51 [main] INFO  CreateLog:13 - ChromeBrowser is launched
28:12:2023  15:51:52 [main] INFO  CreateLog:13 - DQG is launched
28:12:2023  15:51:52 [main] INFO  CreateLog:13 - window is maximezed
28:12:2023  16:12:15 [main] INFO  CreateLog:13 - ChromeBrowser is launched
28:12:2023  16:12:17 [main] INFO  CreateLog:13 - DQG is launched
28:12:2023  16:12:17 [main] INFO  CreateLog:13 - window is maximezed
28:12:2023  16:15:01 [main] INFO  CreateLog:13 - ChromeBrowser is launched
28:12:2023  16:15:02 [main] INFO  CreateLog:13 - DQG is launched
28:12:2023  16:15:02 [main] INFO  CreateLog:13 - window is maximezed
28:12:2023  17:01:25 [main] INFO  CreateLog:13 - ChromeBrowser is launched
28:12:2023  17:01:27 [main] INFO  CreateLog:13 - DQG is launched
28:12:2023  17:01:27 [main] INFO  CreateLog:13 - window is maximezed
28:12:2023  17:05:57 [main] INFO  CreateLog:13 - ChromeBrowser is launched
28:12:2023  17:05:58 [main] INFO  CreateLog:13 - DQG is launched
28:12:2023  17:05:58 [main] INFO  CreateLog:13 - window is maximezed
28:12:2023  17:17:35 [main] INFO  CreateLog:13 - ChromeBrowser is launched
28:12:2023  17:17:37 [main] INFO  CreateLog:13 - DQG is launched
28:12:2023  17:17:37 [main] INFO  CreateLog:13 - window is maximezed
28:12:2023  17:21:21 [main] INFO  CreateLog:13 - ChromeBrowser is launched
28:12:2023  17:21:22 [main] INFO  CreateLog:13 - DQG is launched
28:12:2023  17:21:22 [main] INFO  CreateLog:13 - window is maximezed
28:12:2023  17:26:45 [main] INFO  CreateLog:13 - ChromeBrowser is launched
28:12:2023  17:26:46 [main] INFO  CreateLog:13 - DQG is launched
28:12:2023  17:26:47 [main] INFO  CreateLog:13 - window is maximezed
28:12:2023  17:30:56 [main] INFO  CreateLog:13 - ChromeBrowser is launched
28:12:2023  17:30:58 [main] INFO  CreateLog:13 - DQG is launched
28:12:2023  17:30:58 [main] INFO  CreateLog:13 - window is maximezed
28:12:2023  17:41:00 [main] INFO  CreateLog:13 - ChromeBrowser is launched
28:12:2023  17:41:02 [main] INFO  CreateLog:13 - DQG is launched
28:12:2023  17:41:02 [main] INFO  CreateLog:13 - window is maximezed
28:12:2023  18:09:44 [main] INFO  CreateLog:13 - ChromeBrowser is launched
28:12:2023  18:09:46 [main] INFO  CreateLog:13 - DQG is launched
28:12:2023  18:09:46 [main] INFO  CreateLog:13 - window is maximezed
28:12:2023  18:12:25 [main] INFO  CreateLog:13 - ChromeBrowser is launched
28:12:2023  18:12:26 [main] INFO  CreateLog:13 - DQG is launched
28:12:2023  18:12:26 [main] INFO  CreateLog:13 - window is maximezed
28:12:2023  18:23:02 [main] INFO  CreateLog:13 - ChromeBrowser is launched
28:12:2023  18:23:04 [main] INFO  CreateLog:13 - DQG is launched
28:12:2023  18:23:05 [main] INFO  CreateLog:13 - window is maximezed
28:12:2023  18:41:34 [main] INFO  CreateLog:13 - ChromeBrowser is launched
28:12:2023  18:41:36 [main] INFO  CreateLog:13 - DQG is launched
28:12:2023  18:41:36 [main] INFO  CreateLog:13 - window is maximezed
28:12:2023  18:45:15 [main] INFO  CreateLog:13 - ChromeBrowser is launched
28:12:2023  18:45:17 [main] INFO  CreateLog:13 - DQG is launched
28:12:2023  18:45:17 [main] INFO  CreateLog:13 - window is maximezed
28:12:2023  18:48:04 [main] INFO  CreateLog:13 - ChromeBrowser is launched
28:12:2023  18:48:05 [main] INFO  CreateLog:13 - DQG is launched
28:12:2023  18:48:06 [main] INFO  CreateLog:13 - window is maximezed
28:12:2023  18:57:18 [main] INFO  CreateLog:13 - ChromeBrowser is launched
28:12:2023  18:57:20 [main] INFO  CreateLog:13 - DQG is launched
28:12:2023  18:57:20 [main] INFO  CreateLog:13 - window is maximezed
28:12:2023  19:47:18 [main] INFO  CreateLog:13 - ChromeBrowser is launched
28:12:2023  19:47:19 [main] INFO  CreateLog:13 - DQG is launched
28:12:2023  19:47:19 [main] INFO  CreateLog:13 - window is maximezed
28:12:2023  19:59:32 [main] INFO  CreateLog:13 - ChromeBrowser is launched
28:12:2023  19:59:34 [main] INFO  CreateLog:13 - DQG is launched
28:12:2023  19:59:34 [main] INFO  CreateLog:13 - window is maximezed
28:12:2023  21:35:40 [main] INFO  CreateLog:13 - ChromeBrowser is launched
28:12:2023  21:35:42 [main] INFO  CreateLog:13 - DQG is launched
28:12:2023  21:35:42 [main] INFO  CreateLog:13 - window is maximezed
28:12:2023  21:49:37 [main] INFO  CreateLog:13 - ChromeBrowser is launched
28:12:2023  21:49:39 [main] INFO  CreateLog:13 - DQG is launched
28:12:2023  21:49:39 [main] INFO  CreateLog:13 - window is maximezed
28:12:2023  21:58:06 [main] INFO  CreateLog:13 - ChromeBrowser is launched
28:12:2023  21:58:08 [main] INFO  CreateLog:13 - DQG is launched
28:12:2023  21:58:08 [main] INFO  CreateLog:13 - window is maximezed
28:12:2023  22:03:35 [main] INFO  CreateLog:13 - ChromeBrowser is launched
28:12:2023  22:03:36 [main] INFO  CreateLog:13 - DQG is launched
28:12:2023  22:03:37 [main] INFO  CreateLog:13 - window is maximezed
28:12:2023  22:09:20 [main] INFO  CreateLog:13 - ChromeBrowser is launched
28:12:2023  22:09:21 [main] INFO  CreateLog:13 - DQG is launched
28:12:2023  22:09:22 [main] INFO  CreateLog:13 - window is maximezed
28:12:2023  22:19:11 [main] INFO  CreateLog:13 - ChromeBrowser is launched
28:12:2023  22:19:13 [main] INFO  CreateLog:13 - DQG is launched
28:12:2023  22:19:13 [main] INFO  CreateLog:13 - window is maximezed
28:12:2023  22:33:25 [main] INFO  CreateLog:13 - ChromeBrowser is launched
28:12:2023  22:33:26 [main] INFO  CreateLog:13 - DQG is launched
28:12:2023  22:33:27 [main] INFO  CreateLog:13 - window is maximezed
28:12:2023  22:39:13 [main] INFO  CreateLog:13 - ChromeBrowser is launched
28:12:2023  22:39:14 [main] INFO  CreateLog:13 - DQG is launched
28:12:2023  22:39:14 [main] INFO  CreateLog:13 - window is maximezed
28:12:2023  22:46:47 [main] INFO  CreateLog:13 - ChromeBrowser is launched
28:12:2023  22:46:49 [main] INFO  CreateLog:13 - DQG is launched
28:12:2023  22:46:49 [main] INFO  CreateLog:13 - window is maximezed
28:12:2023  22:51:00 [main] INFO  CreateLog:13 - ChromeBrowser is launched
28:12:2023  22:51:02 [main] INFO  CreateLog:13 - DQG is launched
28:12:2023  22:51:02 [main] INFO  CreateLog:13 - window is maximezed
29:12:2023  18:41:32 [main] INFO  CreateLog:13 - ChromeBrowser is launched
29:12:2023  18:41:34 [main] INFO  CreateLog:13 - DQG is launched
29:12:2023  18:41:34 [main] INFO  CreateLog:13 - window is maximezed
29:12:2023  18:48:21 [main] INFO  CreateLog:13 - ChromeBrowser is launched
29:12:2023  18:48:22 [main] INFO  CreateLog:13 - DQG is launched
29:12:2023  18:48:22 [main] INFO  CreateLog:13 - window is maximezed
29:12:2023  18:50:27 [main] INFO  CreateLog:13 - ChromeBrowser is launched
29:12:2023  18:50:28 [main] INFO  CreateLog:13 - DQG is launched
29:12:2023  18:50:28 [main] INFO  CreateLog:13 - window is maximezed
29:12:2023  19:01:23 [main] INFO  CreateLog:13 - ChromeBrowser is launched
29:12:2023  19:01:24 [main] INFO  CreateLog:13 - DQG is launched
29:12:2023  19:01:24 [main] INFO  CreateLog:13 - window is maximezed
29:12:2023  19:10:15 [main] INFO  CreateLog:13 - ChromeBrowser is launched
29:12:2023  19:10:17 [main] INFO  CreateLog:13 - DQG is launched
29:12:2023  19:10:17 [main] INFO  CreateLog:13 - window is maximezed
29:12:2023  19:12:16 [main] INFO  CreateLog:13 - ChromeBrowser is launched
29:12:2023  19:12:18 [main] INFO  CreateLog:13 - DQG is launched
29:12:2023  19:12:18 [main] INFO  CreateLog:13 - window is maximezed
29:12:2023  19:15:37 [main] INFO  CreateLog:13 - ChromeBrowser is launched
29:12:2023  19:15:39 [main] INFO  CreateLog:13 - DQG is launched
29:12:2023  19:15:39 [main] INFO  CreateLog:13 - window is maximezed
2:01:2024  11:44:58 [main] INFO  CreateLog:13 - ChromeBrowser is launched
2:01:2024  11:44:58 [main] INFO  CreateLog:13 - ChromeBrowser is launched
2:01:2024  11:45:01 [main] INFO  CreateLog:13 - DQG is launched
2:01:2024  11:45:01 [main] INFO  CreateLog:13 - window is maximezed
2:01:2024  11:45:02 [main] INFO  CreateLog:13 - DQG is launched
2:01:2024  11:45:02 [main] INFO  CreateLog:13 - window is maximezed
2:01:2024  11:48:49 [main] INFO  CreateLog:13 - ChromeBrowser is launched
2:01:2024  11:48:50 [main] INFO  CreateLog:13 - DQG is launched
2:01:2024  11:48:51 [main] INFO  CreateLog:13 - window is maximezed
2:01:2024  11:49:50 [main] INFO  CreateLog:13 - ChromeBrowser is launched
2:01:2024  11:49:51 [main] INFO  CreateLog:13 - DQG is launched
2:01:2024  11:49:51 [main] INFO  CreateLog:13 - window is maximezed
2:01:2024  11:57:43 [main] INFO  CreateLog:13 - ChromeBrowser is launched
2:01:2024  11:57:45 [main] INFO  CreateLog:13 - DQG is launched
2:01:2024  11:57:45 [main] INFO  CreateLog:13 - window is maximezed
2:01:2024  12:18:41 [main] INFO  CreateLog:13 - ChromeBrowser is launched
2:01:2024  12:18:43 [main] INFO  CreateLog:13 - DQG is launched
2:01:2024  12:18:43 [main] INFO  CreateLog:13 - window is maximezed
2:01:2024  14:40:47 [main] INFO  CreateLog:13 - ChromeBrowser is launched
2:01:2024  14:40:48 [main] INFO  CreateLog:13 - DQG is launched
2:01:2024  14:40:48 [main] INFO  CreateLog:13 - window is maximezed
2:01:2024  14:48:47 [main] INFO  CreateLog:13 - ChromeBrowser is launched
2:01:2024  14:48:48 [main] INFO  CreateLog:13 - DQG is launched
2:01:2024  14:48:48 [main] INFO  CreateLog:13 - window is maximezed
2:01:2024  14:57:35 [main] INFO  CreateLog:13 - ChromeBrowser is launched
2:01:2024  14:57:37 [main] INFO  CreateLog:13 - DQG is launched
2:01:2024  14:57:37 [main] INFO  CreateLog:13 - window is maximezed
2:01:2024  14:59:03 [main] INFO  CreateLog:13 - ChromeBrowser is launched
2:01:2024  14:59:04 [main] INFO  CreateLog:13 - DQG is launched
2:01:2024  14:59:04 [main] INFO  CreateLog:13 - window is maximezed
2:01:2024  15:19:00 [main] INFO  CreateLog:13 - ChromeBrowser is launched
2:01:2024  15:19:01 [main] INFO  CreateLog:13 - DQG is launched
2:01:2024  15:19:02 [main] INFO  CreateLog:13 - window is maximezed
2:01:2024  16:20:36 [main] INFO  CreateLog:13 - ChromeBrowser is launched
2:01:2024  16:20:37 [main] INFO  CreateLog:13 - DQG is launched
2:01:2024  16:20:37 [main] INFO  CreateLog:13 - window is maximezed
2:01:2024  16:23:58 [main] INFO  CreateLog:13 - ChromeBrowser is launched
2:01:2024  16:23:59 [main] INFO  CreateLog:13 - DQG is launched
2:01:2024  16:23:59 [main] INFO  CreateLog:13 - window is maximezed
2:01:2024  16:31:48 [main] INFO  CreateLog:13 - ChromeBrowser is launched
2:01:2024  16:31:50 [main] INFO  CreateLog:13 - DQG is launched
2:01:2024  16:31:50 [main] INFO  CreateLog:13 - window is maximezed
2:01:2024  18:20:08 [main] INFO  CreateLog:13 - ChromeBrowser is launched
2:01:2024  18:20:10 [main] INFO  CreateLog:13 - DQG is launched
2:01:2024  18:20:10 [main] INFO  CreateLog:13 - window is maximezed
2:01:2024  18:24:23 [main] INFO  CreateLog:13 - ChromeBrowser is launched
2:01:2024  18:24:25 [main] INFO  CreateLog:13 - DQG is launched
2:01:2024  18:24:25 [main] INFO  CreateLog:13 - window is maximezed
2:01:2024  18:30:30 [main] INFO  CreateLog:13 - ChromeBrowser is launched
2:01:2024  18:30:32 [main] INFO  CreateLog:13 - DQG is launched
2:01:2024  18:30:32 [main] INFO  CreateLog:13 - window is maximezed
2:01:2024  18:38:44 [main] INFO  CreateLog:13 - ChromeBrowser is launched
2:01:2024  18:38:45 [main] INFO  CreateLog:13 - DQG is launched
2:01:2024  18:38:45 [main] INFO  CreateLog:13 - window is maximezed
2:01:2024  18:44:08 [main] INFO  CreateLog:13 - ChromeBrowser is launched
2:01:2024  18:44:09 [main] INFO  CreateLog:13 - DQG is launched
2:01:2024  18:44:10 [main] INFO  CreateLog:13 - window is maximezed
2:01:2024  18:56:16 [main] INFO  CreateLog:13 - ChromeBrowser is launched
2:01:2024  18:56:17 [main] INFO  CreateLog:13 - DQG is launched
2:01:2024  18:56:17 [main] INFO  CreateLog:13 - window is maximezed
2:01:2024  18:59:01 [main] INFO  CreateLog:13 - ChromeBrowser is launched
2:01:2024  18:59:03 [main] INFO  CreateLog:13 - DQG is launched
2:01:2024  18:59:03 [main] INFO  CreateLog:13 - window is maximezed
2:01:2024  19:07:41 [main] INFO  CreateLog:13 - ChromeBrowser is launched
2:01:2024  19:07:43 [main] INFO  CreateLog:13 - DQG is launched
2:01:2024  19:07:43 [main] INFO  CreateLog:13 - window is maximezed
2:01:2024  19:14:16 [main] INFO  CreateLog:13 - ChromeBrowser is launched
2:01:2024  19:14:17 [main] INFO  CreateLog:13 - DQG is launched
2:01:2024  19:14:17 [main] INFO  CreateLog:13 - window is maximezed
3:01:2024  11:56:42 [main] INFO  CreateLog:13 - ChromeBrowser is launched
3:01:2024  11:56:44 [main] INFO  CreateLog:13 - DQG is launched
3:01:2024  11:56:44 [main] INFO  CreateLog:13 - window is maximezed
3:01:2024  12:01:10 [main] INFO  CreateLog:13 - ChromeBrowser is launched
3:01:2024  12:01:12 [main] INFO  CreateLog:13 - DQG is launched
3:01:2024  12:01:12 [main] INFO  CreateLog:13 - window is maximezed
3:01:2024  12:19:38 [main] INFO  CreateLog:13 - ChromeBrowser is launched
3:01:2024  12:19:39 [main] INFO  CreateLog:13 - DQG is launched
3:01:2024  12:19:39 [main] INFO  CreateLog:13 - window is maximezed
3:01:2024  12:24:06 [main] INFO  CreateLog:13 - ChromeBrowser is launched
3:01:2024  12:24:07 [main] INFO  CreateLog:13 - DQG is launched
3:01:2024  12:24:07 [main] INFO  CreateLog:13 - window is maximezed
3:01:2024  14:41:31 [main] INFO  CreateLog:13 - Test-Report-03.01.2024.14.41.31.html Report generating started
3:01:2024  14:41:34 [main] INFO  CreateLog:13 - ChromeBrowser is launched
3:01:2024  14:41:35 [main] INFO  CreateLog:13 - DQG is launched
3:01:2024  14:41:36 [main] INFO  CreateLog:13 - window is maximezed
3:01:2024  14:43:44 [main] INFO  CreateLog:13 - visualTest Test case started
3:01:2024  14:43:53 [main] ERROR CreateLog:23 - visualTest Test case failed
3:01:2024  14:43:54 [main] INFO  CreateLog:13 - ChromeBrowser is launched
3:01:2024  14:43:56 [main] INFO  CreateLog:13 - DQG is launched
3:01:2024  14:43:56 [main] INFO  CreateLog:13 - window is maximezed
3:01:2024  14:46:28 [main] INFO  CreateLog:13 - Test-Report-03.01.2024.14.46.28.html Report generating started
3:01:2024  14:46:30 [main] INFO  CreateLog:13 - ChromeBrowser is launched
3:01:2024  14:46:32 [main] INFO  CreateLog:13 - DQG is launched
3:01:2024  14:46:32 [main] INFO  CreateLog:13 - window is maximezed
3:01:2024  14:48:41 [main] INFO  CreateLog:13 - scheduleTest Test case started
3:01:2024  14:49:51 [main] INFO  CreateLog:18 - scheduleTest Test case executed successfully
3:01:2024  14:49:52 [main] INFO  CreateLog:13 - ChromeBrowser is launched
3:01:2024  14:49:54 [main] INFO  CreateLog:13 - DQG is launched
3:01:2024  14:49:54 [main] INFO  CreateLog:13 - window is maximezed
3:01:2024  14:52:03 [main] INFO  CreateLog:13 - DQGatewayUsers Test case started
3:01:2024  14:52:03 [main] ERROR CreateLog:23 - DQGatewayUsers Test case failed
3:01:2024  14:52:04 [main] INFO  CreateLog:13 - ChromeBrowser is launched
3:01:2024  14:52:05 [main] INFO  CreateLog:13 - DQG is launched
3:01:2024  14:52:06 [main] INFO  CreateLog:13 - window is maximezed
3:01:2024  14:54:15 [main] INFO  CreateLog:13 - MastersData Test case started
3:01:2024  14:55:09 [main] INFO  CreateLog:18 - MastersData Test case executed successfully
3:01:2024  14:55:10 [main] INFO  CreateLog:13 - Report generated successfully
3:01:2024  15:20:35 [main] INFO  CreateLog:13 - ChromeBrowser is launched
3:01:2024  15:20:36 [main] INFO  CreateLog:13 - DQG is launched
3:01:2024  15:20:36 [main] INFO  CreateLog:13 - window is maximezed
3:01:2024  15:35:49 [main] INFO  CreateLog:13 - ChromeBrowser is launched
3:01:2024  15:35:50 [main] INFO  CreateLog:13 - DQG is launched
3:01:2024  15:35:50 [main] INFO  CreateLog:13 - window is maximezed
3:01:2024  15:37:33 [main] INFO  CreateLog:13 - ChromeBrowser is launched
3:01:2024  15:37:35 [main] INFO  CreateLog:13 - DQG is launched
3:01:2024  15:37:35 [main] INFO  CreateLog:13 - window is maximezed
3:01:2024  15:40:08 [main] INFO  CreateLog:13 - ChromeBrowser is launched
3:01:2024  15:40:10 [main] INFO  CreateLog:13 - DQG is launched
3:01:2024  15:40:10 [main] INFO  CreateLog:13 - window is maximezed
3:01:2024  15:43:49 [main] INFO  CreateLog:13 - ChromeBrowser is launched
3:01:2024  15:43:50 [main] INFO  CreateLog:13 - DQG is launched
3:01:2024  15:43:50 [main] INFO  CreateLog:13 - window is maximezed
3:01:2024  15:47:38 [main] INFO  CreateLog:13 - ChromeBrowser is launched
3:01:2024  15:47:39 [main] INFO  CreateLog:13 - DQG is launched
3:01:2024  15:47:39 [main] INFO  CreateLog:13 - window is maximezed
3:01:2024  15:53:29 [main] INFO  CreateLog:13 - ChromeBrowser is launched
3:01:2024  15:53:30 [main] INFO  CreateLog:13 - DQG is launched
3:01:2024  15:53:30 [main] INFO  CreateLog:13 - window is maximezed
3:01:2024  16:08:08 [main] INFO  CreateLog:13 - ChromeBrowser is launched
3:01:2024  16:08:09 [main] INFO  CreateLog:13 - DQG is launched
3:01:2024  16:08:09 [main] INFO  CreateLog:13 - window is maximezed
3:01:2024  16:22:08 [main] INFO  CreateLog:13 - ChromeBrowser is launched
3:01:2024  16:22:09 [main] INFO  CreateLog:13 - DQG is launched
3:01:2024  16:22:09 [main] INFO  CreateLog:13 - window is maximezed
3:01:2024  16:33:08 [main] INFO  CreateLog:13 - ChromeBrowser is launched
3:01:2024  16:33:10 [main] INFO  CreateLog:13 - DQG is launched
3:01:2024  16:33:10 [main] INFO  CreateLog:13 - window is maximezed
3:01:2024  16:47:05 [main] INFO  CreateLog:13 - ChromeBrowser is launched
3:01:2024  16:47:07 [main] INFO  CreateLog:13 - DQG is launched
3:01:2024  16:47:07 [main] INFO  CreateLog:13 - window is maximezed
3:01:2024  18:15:12 [main] INFO  CreateLog:13 - ChromeBrowser is launched
3:01:2024  18:15:13 [main] INFO  CreateLog:13 - DQG is launched
3:01:2024  18:15:14 [main] INFO  CreateLog:13 - window is maximezed
3:01:2024  18:17:43 [main] INFO  CreateLog:13 - ChromeBrowser is launched
3:01:2024  18:17:45 [main] INFO  CreateLog:13 - DQG is launched
3:01:2024  18:17:45 [main] INFO  CreateLog:13 - window is maximezed
3:01:2024  18:20:58 [main] INFO  CreateLog:13 - ChromeBrowser is launched
3:01:2024  18:20:59 [main] INFO  CreateLog:13 - DQG is launched
3:01:2024  18:20:59 [main] INFO  CreateLog:13 - window is maximezed
3:01:2024  18:24:49 [main] INFO  CreateLog:13 - ChromeBrowser is launched
3:01:2024  18:24:50 [main] INFO  CreateLog:13 - DQG is launched
3:01:2024  18:24:50 [main] INFO  CreateLog:13 - window is maximezed
3:01:2024  18:27:49 [main] INFO  CreateLog:13 - ChromeBrowser is launched
3:01:2024  18:27:50 [main] INFO  CreateLog:13 - DQG is launched
3:01:2024  18:27:51 [main] INFO  CreateLog:13 - window is maximezed
3:01:2024  18:30:44 [main] INFO  CreateLog:13 - ChromeBrowser is launched
3:01:2024  18:30:45 [main] INFO  CreateLog:13 - DQG is launched
3:01:2024  18:30:45 [main] INFO  CreateLog:13 - window is maximezed
3:01:2024  18:33:51 [main] INFO  CreateLog:13 - ChromeBrowser is launched
3:01:2024  18:33:52 [main] INFO  CreateLog:13 - DQG is launched
3:01:2024  18:33:52 [main] INFO  CreateLog:13 - window is maximezed
3:01:2024  18:42:52 [main] INFO  CreateLog:13 - ChromeBrowser is launched
3:01:2024  18:42:54 [main] INFO  CreateLog:13 - DQG is launched
3:01:2024  18:42:54 [main] INFO  CreateLog:13 - window is maximezed
3:01:2024  18:46:36 [main] INFO  CreateLog:13 - ChromeBrowser is launched
3:01:2024  18:46:38 [main] INFO  CreateLog:13 - DQG is launched
3:01:2024  18:46:38 [main] INFO  CreateLog:13 - window is maximezed
3:01:2024  18:50:51 [main] INFO  CreateLog:13 - ChromeBrowser is launched
3:01:2024  18:50:53 [main] INFO  CreateLog:13 - DQG is launched
3:01:2024  18:50:53 [main] INFO  CreateLog:13 - window is maximezed
3:01:2024  18:56:13 [main] INFO  CreateLog:13 - ChromeBrowser is launched
3:01:2024  18:56:15 [main] INFO  CreateLog:13 - DQG is launched
3:01:2024  18:56:15 [main] INFO  CreateLog:13 - window is maximezed
3:01:2024  19:00:19 [main] INFO  CreateLog:13 - ChromeBrowser is launched
3:01:2024  19:00:21 [main] INFO  CreateLog:13 - DQG is launched
3:01:2024  19:00:22 [main] INFO  CreateLog:13 - window is maximezed
3:01:2024  19:00:35 [main] INFO  CreateLog:13 - ChromeBrowser is launched
3:01:2024  19:00:36 [main] INFO  CreateLog:13 - DQG is launched
3:01:2024  19:00:36 [main] INFO  CreateLog:13 - window is maximezed
3:01:2024  19:03:24 [main] INFO  CreateLog:13 - ChromeBrowser is launched
3:01:2024  19:03:26 [main] INFO  CreateLog:13 - DQG is launched
3:01:2024  19:03:26 [main] INFO  CreateLog:13 - window is maximezed
3:01:2024  19:08:10 [main] INFO  CreateLog:13 - ChromeBrowser is launched
3:01:2024  19:08:11 [main] INFO  CreateLog:13 - DQG is launched
3:01:2024  19:08:11 [main] INFO  CreateLog:13 - window is maximezed
3:01:2024  19:08:26 [main] INFO  CreateLog:13 - ChromeBrowser is launched
3:01:2024  19:08:27 [main] INFO  CreateLog:13 - DQG is launched
3:01:2024  19:08:27 [main] INFO  CreateLog:13 - window is maximezed
3:01:2024  19:13:35 [main] INFO  CreateLog:13 - ChromeBrowser is launched
3:01:2024  19:13:36 [main] INFO  CreateLog:13 - DQG is launched
3:01:2024  19:13:36 [main] INFO  CreateLog:13 - window is maximezed
3:01:2024  19:18:41 [main] INFO  CreateLog:13 - ChromeBrowser is launched
3:01:2024  19:18:43 [main] INFO  CreateLog:13 - DQG is launched
3:01:2024  19:18:43 [main] INFO  CreateLog:13 - window is maximezed
3:01:2024  19:22:25 [main] INFO  CreateLog:13 - ChromeBrowser is launched
3:01:2024  19:22:27 [main] INFO  CreateLog:13 - DQG is launched
3:01:2024  19:22:27 [main] INFO  CreateLog:13 - window is maximezed
3:01:2024  19:26:20 [main] INFO  CreateLog:13 - ChromeBrowser is launched
3:01:2024  19:26:22 [main] INFO  CreateLog:13 - DQG is launched
3:01:2024  19:26:22 [main] INFO  CreateLog:13 - window is maximezed
3:01:2024  21:19:17 [main] INFO  CreateLog:13 - ChromeBrowser is launched
3:01:2024  21:19:18 [main] INFO  CreateLog:13 - DQG is launched
3:01:2024  21:19:19 [main] INFO  CreateLog:13 - window is maximezed
3:01:2024  21:22:46 [main] INFO  CreateLog:13 - ChromeBrowser is launched
3:01:2024  21:22:48 [main] INFO  CreateLog:13 - DQG is launched
3:01:2024  21:22:48 [main] INFO  CreateLog:13 - window is maximezed
3:01:2024  21:33:48 [main] INFO  CreateLog:13 - ChromeBrowser is launched
3:01:2024  21:33:49 [main] INFO  CreateLog:13 - DQG is launched
3:01:2024  21:33:49 [main] INFO  CreateLog:13 - window is maximezed
3:01:2024  22:03:49 [main] INFO  CreateLog:13 - ChromeBrowser is launched
3:01:2024  22:03:50 [main] INFO  CreateLog:13 - DQG is launched
3:01:2024  22:03:51 [main] INFO  CreateLog:13 - window is maximezed
4:01:2024  14:53:00 [main] INFO  CreateLog:13 - ChromeBrowser is launched
4:01:2024  14:53:01 [main] INFO  CreateLog:13 - DQG is launched
4:01:2024  14:53:01 [main] INFO  CreateLog:13 - window is maximezed
4:01:2024  14:54:12 [main] INFO  CreateLog:13 - ChromeBrowser is launched
4:01:2024  14:54:13 [main] INFO  CreateLog:13 - DQG is launched
4:01:2024  14:54:13 [main] INFO  CreateLog:13 - window is maximezed
4:01:2024  15:07:26 [main] INFO  CreateLog:13 - ChromeBrowser is launched
4:01:2024  15:07:28 [main] INFO  CreateLog:13 - DQG is launched
4:01:2024  15:07:28 [main] INFO  CreateLog:13 - window is maximezed
4:01:2024  15:10:24 [main] INFO  CreateLog:13 - ChromeBrowser is launched
4:01:2024  15:10:26 [main] INFO  CreateLog:13 - DQG is launched
4:01:2024  15:10:26 [main] INFO  CreateLog:13 - window is maximezed
4:01:2024  15:20:38 [main] INFO  CreateLog:13 - ChromeBrowser is launched
4:01:2024  15:20:40 [main] INFO  CreateLog:13 - DQG is launched
4:01:2024  15:20:40 [main] INFO  CreateLog:13 - window is maximezed
4:01:2024  15:23:38 [main] INFO  CreateLog:13 - ChromeBrowser is launched
4:01:2024  15:23:40 [main] INFO  CreateLog:13 - DQG is launched
4:01:2024  15:23:40 [main] INFO  CreateLog:13 - window is maximezed
4:01:2024  15:26:43 [main] INFO  CreateLog:13 - ChromeBrowser is launched
4:01:2024  15:26:45 [main] INFO  CreateLog:13 - DQG is launched
4:01:2024  15:26:45 [main] INFO  CreateLog:13 - window is maximezed
4:01:2024  15:44:08 [main] INFO  CreateLog:13 - ChromeBrowser is launched
4:01:2024  15:44:09 [main] INFO  CreateLog:13 - DQG is launched
4:01:2024  15:44:10 [main] INFO  CreateLog:13 - window is maximezed
4:01:2024  16:03:59 [main] INFO  CreateLog:13 - ChromeBrowser is launched
4:01:2024  16:04:00 [main] INFO  CreateLog:13 - DQG is launched
4:01:2024  16:04:00 [main] INFO  CreateLog:13 - window is maximezed
4:01:2024  16:40:42 [main] INFO  CreateLog:13 - ChromeBrowser is launched
4:01:2024  16:40:43 [main] INFO  CreateLog:13 - DQG is launched
4:01:2024  16:40:43 [main] INFO  CreateLog:13 - window is maximezed
4:01:2024  16:56:47 [main] INFO  CreateLog:13 - ChromeBrowser is launched
4:01:2024  16:56:48 [main] INFO  CreateLog:13 - DQG is launched
4:01:2024  16:56:48 [main] INFO  CreateLog:13 - window is maximezed
4:01:2024  17:07:30 [main] INFO  CreateLog:13 - ChromeBrowser is launched
4:01:2024  17:07:31 [main] INFO  CreateLog:13 - DQG is launched
4:01:2024  17:07:31 [main] INFO  CreateLog:13 - window is maximezed
5:01:2024  14:33:15 [main] INFO  CreateLog:13 - ChromeBrowser is launched
5:01:2024  14:33:17 [main] INFO  CreateLog:13 - DQG is launched
5:01:2024  14:33:17 [main] INFO  CreateLog:13 - window is maximezed
5:01:2024  14:36:00 [main] INFO  CreateLog:13 - ChromeBrowser is launched
5:01:2024  14:36:02 [main] INFO  CreateLog:13 - DQG is launched
5:01:2024  14:36:02 [main] INFO  CreateLog:13 - window is maximezed
5:01:2024  14:47:11 [main] INFO  CreateLog:13 - ChromeBrowser is launched
5:01:2024  14:47:12 [main] INFO  CreateLog:13 - DQG is launched
5:01:2024  14:47:12 [main] INFO  CreateLog:13 - window is maximezed
5:01:2024  14:50:44 [main] INFO  CreateLog:13 - ChromeBrowser is launched
5:01:2024  14:50:45 [main] INFO  CreateLog:13 - DQG is launched
5:01:2024  14:50:45 [main] INFO  CreateLog:13 - window is maximezed
5:01:2024  14:56:54 [main] INFO  CreateLog:13 - ChromeBrowser is launched
5:01:2024  14:56:55 [main] INFO  CreateLog:13 - DQG is launched
5:01:2024  14:56:55 [main] INFO  CreateLog:13 - window is maximezed
5:01:2024  15:02:18 [main] INFO  CreateLog:13 - ChromeBrowser is launched
5:01:2024  15:02:20 [main] INFO  CreateLog:13 - DQG is launched
5:01:2024  15:02:20 [main] INFO  CreateLog:13 - window is maximezed
5:01:2024  18:15:26 [main] INFO  CreateLog:13 - ChromeBrowser is launched
5:01:2024  18:15:28 [main] INFO  CreateLog:13 - DQG is launched
5:01:2024  18:15:28 [main] INFO  CreateLog:13 - window is maximezed
9:01:2024  18:36:48 [main] INFO  CreateLog:13 - ChromeBrowser is launched
9:01:2024  18:36:50 [main] INFO  CreateLog:13 - DQG is launched
9:01:2024  18:36:50 [main] INFO  CreateLog:13 - window is maximezed
9:01:2024  18:44:20 [main] INFO  CreateLog:13 - ChromeBrowser is launched
9:01:2024  18:44:22 [main] INFO  CreateLog:13 - DQG is launched
9:01:2024  18:44:22 [main] INFO  CreateLog:13 - window is maximezed
9:01:2024  18:48:32 [main] INFO  CreateLog:13 - ChromeBrowser is launched
9:01:2024  18:48:33 [main] INFO  CreateLog:13 - DQG is launched
9:01:2024  18:48:33 [main] INFO  CreateLog:13 - window is maximezed
9:01:2024  18:58:42 [main] INFO  CreateLog:13 - ChromeBrowser is launched
9:01:2024  18:58:44 [main] INFO  CreateLog:13 - DQG is launched
9:01:2024  18:58:44 [main] INFO  CreateLog:13 - window is maximezed
9:01:2024  19:23:55 [main] INFO  CreateLog:13 - ChromeBrowser is launched
9:01:2024  19:23:56 [main] INFO  CreateLog:13 - DQG is launched
9:01:2024  19:23:56 [main] INFO  CreateLog:13 - window is maximezed
9:01:2024  19:30:51 [main] INFO  CreateLog:13 - ChromeBrowser is launched
9:01:2024  19:30:53 [main] INFO  CreateLog:13 - DQG is launched
9:01:2024  19:30:53 [main] INFO  CreateLog:13 - window is maximezed
10:01:2024  12:30:50 [main] INFO  CreateLog:13 - ChromeBrowser is launched
10:01:2024  12:30:52 [main] INFO  CreateLog:13 - DQG is launched
10:01:2024  12:30:52 [main] INFO  CreateLog:13 - window is maximezed
10:01:2024  12:43:01 [main] INFO  CreateLog:13 - ChromeBrowser is launched
10:01:2024  12:43:02 [main] INFO  CreateLog:13 - DQG is launched
10:01:2024  12:43:02 [main] INFO  CreateLog:13 - window is maximezed
10:01:2024  12:47:42 [main] INFO  CreateLog:13 - ChromeBrowser is launched
10:01:2024  12:47:44 [main] INFO  CreateLog:13 - DQG is launched
10:01:2024  12:47:44 [main] INFO  CreateLog:13 - window is maximezed
10:01:2024  12:51:47 [main] INFO  CreateLog:13 - ChromeBrowser is launched
10:01:2024  12:51:48 [main] INFO  CreateLog:13 - DQG is launched
10:01:2024  12:51:49 [main] INFO  CreateLog:13 - window is maximezed
10:01:2024  13:03:32 [main] INFO  CreateLog:13 - ChromeBrowser is launched
10:01:2024  13:03:34 [main] INFO  CreateLog:13 - DQG is launched
10:01:2024  13:03:35 [main] INFO  CreateLog:13 - window is maximezed
10:01:2024  13:04:10 [main] INFO  CreateLog:13 - ChromeBrowser is launched
10:01:2024  13:04:11 [main] INFO  CreateLog:13 - DQG is launched
10:01:2024  13:04:11 [main] INFO  CreateLog:13 - window is maximezed
10:01:2024  14:26:08 [main] INFO  CreateLog:13 - ChromeBrowser is launched
10:01:2024  14:26:09 [main] INFO  CreateLog:13 - DQG is launched
10:01:2024  14:26:09 [main] INFO  CreateLog:13 - window is maximezed
10:01:2024  14:51:01 [main] INFO  CreateLog:13 - ChromeBrowser is launched
10:01:2024  14:51:03 [main] INFO  CreateLog:13 - DQG is launched
10:01:2024  14:51:04 [main] INFO  CreateLog:13 - window is maximezed
10:01:2024  15:25:58 [main] INFO  CreateLog:13 - ChromeBrowser is launched
10:01:2024  15:26:00 [main] INFO  CreateLog:13 - DQG is launched
10:01:2024  15:26:00 [main] INFO  CreateLog:13 - window is maximezed
10:01:2024  15:29:13 [main] INFO  CreateLog:13 - ChromeBrowser is launched
10:01:2024  15:29:14 [main] INFO  CreateLog:13 - DQG is launched
10:01:2024  15:29:15 [main] INFO  CreateLog:13 - window is maximezed
10:01:2024  15:35:14 [main] INFO  CreateLog:13 - ChromeBrowser is launched
10:01:2024  15:35:15 [main] INFO  CreateLog:13 - DQG is launched
10:01:2024  15:35:15 [main] INFO  CreateLog:13 - window is maximezed
10:01:2024  15:38:05 [main] INFO  CreateLog:13 - ChromeBrowser is launched
10:01:2024  15:38:06 [main] INFO  CreateLog:13 - DQG is launched
10:01:2024  15:38:07 [main] INFO  CreateLog:13 - window is maximezed
10:01:2024  15:51:09 [main] INFO  CreateLog:13 - ChromeBrowser is launched
10:01:2024  15:51:10 [main] INFO  CreateLog:13 - ChromeBrowser is launched
10:01:2024  15:51:11 [main] INFO  CreateLog:13 - DQG is launched
10:01:2024  15:51:11 [main] INFO  CreateLog:13 - window is maximezed
10:01:2024  15:51:12 [main] INFO  CreateLog:13 - DQG is launched
10:01:2024  15:51:12 [main] INFO  CreateLog:13 - window is maximezed
10:01:2024  15:52:00 [main] INFO  CreateLog:13 - ChromeBrowser is launched
10:01:2024  15:52:01 [main] INFO  CreateLog:13 - DQG is launched
10:01:2024  15:52:02 [main] INFO  CreateLog:13 - window is maximezed
10:01:2024  17:50:04 [main] INFO  CreateLog:13 - ChromeBrowser is launched
10:01:2024  17:50:06 [main] INFO  CreateLog:13 - DQG is launched
10:01:2024  17:50:06 [main] INFO  CreateLog:13 - window is maximezed
10:01:2024  17:53:26 [main] INFO  CreateLog:13 - ChromeBrowser is launched
10:01:2024  17:53:27 [main] INFO  CreateLog:13 - DQG is launched
10:01:2024  17:53:27 [main] INFO  CreateLog:13 - window is maximezed
11:01:2024  11:54:17 [main] INFO  CreateLog:13 - ChromeBrowser is launched
11:01:2024  11:54:19 [main] INFO  CreateLog:13 - DQG is launched
11:01:2024  11:54:19 [main] INFO  CreateLog:13 - window is maximezed
11:01:2024  12:21:41 [main] INFO  CreateLog:13 - ChromeBrowser is launched
11:01:2024  12:21:43 [main] INFO  CreateLog:13 - DQG is launched
11:01:2024  12:21:43 [main] INFO  CreateLog:13 - window is maximezed
11:01:2024  12:36:06 [main] INFO  CreateLog:13 - ChromeBrowser is launched
11:01:2024  12:36:08 [main] INFO  CreateLog:13 - DQG is launched
11:01:2024  12:36:08 [main] INFO  CreateLog:13 - window is maximezed
11:01:2024  12:39:14 [main] INFO  CreateLog:13 - ChromeBrowser is launched
11:01:2024  12:39:16 [main] INFO  CreateLog:13 - DQG is launched
11:01:2024  12:39:16 [main] INFO  CreateLog:13 - window is maximezed
11:01:2024  12:46:24 [main] INFO  CreateLog:13 - ChromeBrowser is launched
11:01:2024  12:46:25 [main] INFO  CreateLog:13 - DQG is launched
11:01:2024  12:46:25 [main] INFO  CreateLog:13 - window is maximezed
11:01:2024  14:02:03 [main] INFO  CreateLog:13 - ChromeBrowser is launched
11:01:2024  14:02:05 [main] INFO  CreateLog:13 - DQG is launched
11:01:2024  14:02:05 [main] INFO  CreateLog:13 - window is maximezed
11:01:2024  15:31:27 [main] INFO  CreateLog:13 - ChromeBrowser is launched
11:01:2024  15:31:28 [main] INFO  CreateLog:13 - DQG is launched
11:01:2024  15:31:29 [main] INFO  CreateLog:13 - window is maximezed
11:01:2024  15:52:46 [main] INFO  CreateLog:13 - ChromeBrowser is launched
11:01:2024  15:52:48 [main] INFO  CreateLog:13 - DQG is launched
11:01:2024  15:52:48 [main] INFO  CreateLog:13 - window is maximezed
11:01:2024  15:59:07 [main] INFO  CreateLog:13 - ChromeBrowser is launched
11:01:2024  15:59:08 [main] INFO  CreateLog:13 - DQG is launched
11:01:2024  15:59:08 [main] INFO  CreateLog:13 - window is maximezed
11:01:2024  16:03:11 [main] INFO  CreateLog:13 - ChromeBrowser is launched
11:01:2024  16:03:13 [main] INFO  CreateLog:13 - DQG is launched
11:01:2024  16:03:13 [main] INFO  CreateLog:13 - window is maximezed
11:01:2024  16:08:51 [main] INFO  CreateLog:13 - ChromeBrowser is launched
11:01:2024  16:08:52 [main] INFO  CreateLog:13 - DQG is launched
11:01:2024  16:08:52 [main] INFO  CreateLog:13 - window is maximezed
11:01:2024  16:13:57 [main] INFO  CreateLog:13 - ChromeBrowser is launched
11:01:2024  16:13:58 [main] INFO  CreateLog:13 - DQG is launched
11:01:2024  16:13:58 [main] INFO  CreateLog:13 - window is maximezed
11:01:2024  18:56:44 [main] INFO  CreateLog:13 - ChromeBrowser is launched
11:01:2024  18:56:45 [main] INFO  CreateLog:13 - DQG is launched
11:01:2024  18:56:45 [main] INFO  CreateLog:13 - window is maximezed
11:01:2024  19:00:29 [main] INFO  CreateLog:13 - ChromeBrowser is launched
11:01:2024  19:00:30 [main] INFO  CreateLog:13 - DQG is launched
11:01:2024  19:00:30 [main] INFO  CreateLog:13 - window is maximezed
16:01:2024  10:16:53 [main] INFO  CreateLog:13 - ChromeBrowser is launched
16:01:2024  10:16:55 [main] INFO  CreateLog:13 - DQG is launched
16:01:2024  10:16:55 [main] INFO  CreateLog:13 - window is maximezed
16:01:2024  10:20:49 [main] INFO  CreateLog:13 - ChromeBrowser is launched
16:01:2024  10:20:51 [main] INFO  CreateLog:13 - DQG is launched
16:01:2024  10:20:51 [main] INFO  CreateLog:13 - window is maximezed
16:01:2024  10:24:19 [main] INFO  CreateLog:13 - ChromeBrowser is launched
16:01:2024  10:24:22 [main] INFO  CreateLog:13 - DQG is launched
16:01:2024  10:24:22 [main] INFO  CreateLog:13 - window is maximezed
